app/build/intermediates/manifest_merge_blame_file/release/processReleaseMainManifest/manifest-merger-blame-release-report.txt
1<?xml version="1.0" encoding="utf-8"?>
2<manifest xmlns:android="http://schemas.android.com/apk/res/android"
3    package="com.mattlabs.websigndisplay"
4    android:versionCode="2"
5    android:versionName="2.0" >
6
7    <uses-sdk
8        android:minSdkVersion="23"
9        android:targetSdkVersion="36" />
10
11    <!-- Internet access — required to load sign URLs -->
12    <uses-permission android:name="android.permission.INTERNET" />
12-->src/main/AndroidManifest.xml:6:5-67
12-->src/main/AndroidManifest.xml:6:22-64
13
14    <!-- Boot receiver — required for auto-start on device boot -->
15    <uses-permission android:name="android.permission.RECEIVE_BOOT_COMPLETED" />
15-->src/main/AndroidManifest.xml:9:5-81
15-->src/main/AndroidManifest.xml:9:22-78
16
17    <!-- Network state — used to check connectivity before loading content -->
18    <uses-permission android:name="android.permission.ACCESS_NETWORK_STATE" />
18-->src/main/AndroidManifest.xml:12:5-79
18-->src/main/AndroidManifest.xml:12:22-76
19    <uses-permission android:name="android.permission.ACCESS_WIFI_STATE" />
19-->src/main/AndroidManifest.xml:13:5-76
19-->src/main/AndroidManifest.xml:13:22-73
20
21    <!--
22        INTERACT_ACROSS_USERS permissions are required for Aggressive Restart
23        to work correctly on Fire OS. Both the standard and Amazon-specific
24        variants must be declared. DO NOT REMOVE the amazon.aosp variant.
25    -->
26    <uses-permission android:name="android.permission.INTERACT_ACROSS_USERS_FULL" />
26-->src/main/AndroidManifest.xml:20:5-22:47
26-->src/main/AndroidManifest.xml:21:9-69
27    <uses-permission android:name="android.permission.INTERACT_ACROSS_USERS" />
27-->src/main/AndroidManifest.xml:23:5-25:47
27-->src/main/AndroidManifest.xml:24:9-64
28    <uses-permission android:name="amazon.aosp.permission.INTERACT_ACROSS_USERS_FULL" />
28-->src/main/AndroidManifest.xml:26:5-89
28-->src/main/AndroidManifest.xml:26:22-86
29
30    <!--
31        Firestick has no touchscreen — declaring required="false" prevents the
32        app from being filtered as incompatible on TV-only hardware.
33    -->
34    <uses-feature
34-->src/main/AndroidManifest.xml:32:5-34:36
35        android:name="android.hardware.touchscreen"
35-->src/main/AndroidManifest.xml:33:9-52
36        android:required="false" />
36-->src/main/AndroidManifest.xml:34:9-33
37
38    <!--
39        Declare leanback (TV UI) capability without requiring it,
40        so the app works on both Fire TV and standard Android devices.
41    -->
42    <uses-feature
42-->src/main/AndroidManifest.xml:40:5-42:36
43        android:name="android.software.leanback"
43-->src/main/AndroidManifest.xml:41:9-49
44        android:required="false" />
44-->src/main/AndroidManifest.xml:42:9-33
45
46    <permission
46-->[androidx.core:core:1.18.0] AndroidManifest.xml:22:5-24:47
47        android:name="com.mattlabs.websigndisplay.DYNAMIC_RECEIVER_NOT_EXPORTED_PERMISSION"
47-->[androidx.core:core:1.18.0] AndroidManifest.xml:23:9-81
48        android:protectionLevel="signature" />
48-->[androidx.core:core:1.18.0] AndroidManifest.xml:24:9-44
49
50    <uses-permission android:name="com.mattlabs.websigndisplay.DYNAMIC_RECEIVER_NOT_EXPORTED_PERMISSION" />
50-->[androidx.core:core:1.18.0] AndroidManifest.xml:26:5-97
50-->[androidx.core:core:1.18.0] AndroidManifest.xml:26:22-94
51
52    <application
52-->src/main/AndroidManifest.xml:44:5-98:19
53        android:allowBackup="true"
53-->src/main/AndroidManifest.xml:45:9-35
54        android:appComponentFactory="androidx.core.app.CoreComponentFactory"
54-->[androidx.core:core:1.18.0] AndroidManifest.xml:28:18-86
55        android:extractNativeLibs="false"
56        android:hardwareAccelerated="true"
56-->src/main/AndroidManifest.xml:46:9-43
57        android:icon="@mipmap/ic_launcher"
57-->src/main/AndroidManifest.xml:47:9-43
58        android:label="@string/app_name"
58-->src/main/AndroidManifest.xml:48:9-41
59        android:launchMode="singleInstance"
59-->src/main/AndroidManifest.xml:49:9-44
60        android:networkSecurityConfig="@xml/network_security_config"
60-->src/main/AndroidManifest.xml:50:9-69
61        android:supportsRtl="true"
61-->src/main/AndroidManifest.xml:51:9-35
62        android:theme="@style/Theme.WebSignDisplayV2"
62-->src/main/AndroidManifest.xml:52:9-54
63        android:usesCleartextTraffic="true" >
63-->src/main/AndroidManifest.xml:53:9-44
64
65        <!-- Main fullscreen display activity -->
66        <activity
66-->src/main/AndroidManifest.xml:57:9-73:20
67            android:name="com.mattlabs.websigndisplay.FullscreenActivity"
67-->src/main/AndroidManifest.xml:58:13-47
68            android:configChanges="orientation|keyboardHidden|screenSize"
68-->src/main/AndroidManifest.xml:59:13-74
69            android:exported="true"
69-->src/main/AndroidManifest.xml:60:13-36
70            android:theme="@style/Theme.WebSignDisplayV2.Fullscreen" >
70-->src/main/AndroidManifest.xml:61:13-69
71            <intent-filter>
71-->src/main/AndroidManifest.xml:62:13-72:29
72                <action android:name="android.intent.action.MAIN" />
72-->src/main/AndroidManifest.xml:63:17-69
72-->src/main/AndroidManifest.xml:63:25-66
73                <!-- LAUNCHER: shows app in standard Android launcher -->
74                <category android:name="android.intent.category.LAUNCHER" />
74-->src/main/AndroidManifest.xml:65:17-77
74-->src/main/AndroidManifest.xml:65:27-74
75                <!--
76                    LEANBACK_LAUNCHER: required for the app to appear in the
77                    Fire TV home screen Apps row. Without this, sideloaded apps
78                    are only accessible via Settings > Applications, not the home screen.
79                -->
80                <category android:name="android.intent.category.LEANBACK_LAUNCHER" />
80-->src/main/AndroidManifest.xml:71:17-86
80-->src/main/AndroidManifest.xml:71:27-83
81            </intent-filter>
82        </activity>
83
84        <!-- Settings / configuration screen -->
85        <activity
85-->src/main/AndroidManifest.xml:76:9-80:63
86            android:name="com.mattlabs.websigndisplay.SettingsActivity"
86-->src/main/AndroidManifest.xml:77:13-45
87            android:exported="false"
87-->src/main/AndroidManifest.xml:78:13-37
88            android:label="@string/title_activity_settings"
88-->src/main/AndroidManifest.xml:80:13-60
89            android:theme="@style/Theme.WebSignDisplayV2.Settings" />
89-->src/main/AndroidManifest.xml:79:13-67
90
91        <!--
92            Boot receiver — launches app on device startup if Auto Start is enabled.
93            Note: android:permission is intentionally absent here. Setting it on a
94            <receiver> restricts senders, not receivers — the system boot broadcast
95            does not carry that permission and the event would be silently dropped.
96        -->
97        <receiver
97-->src/main/AndroidManifest.xml:88:9-96:20
98            android:name="com.mattlabs.websigndisplay.BootUpReceiver"
98-->src/main/AndroidManifest.xml:89:13-43
99            android:enabled="true"
99-->src/main/AndroidManifest.xml:90:13-35
100            android:exported="true" >
100-->src/main/AndroidManifest.xml:91:13-36
101            <intent-filter>
101-->src/main/AndroidManifest.xml:92:13-95:29
102                <action android:name="android.intent.action.BOOT_COMPLETED" />
102-->src/main/AndroidManifest.xml:93:17-79
102-->src/main/AndroidManifest.xml:93:25-76
103
104                <category android:name="android.intent.category.DEFAULT" />
104-->src/main/AndroidManifest.xml:94:17-76
104-->src/main/AndroidManifest.xml:94:27-73
105            </intent-filter>
106        </receiver>
107
108        <provider
108-->[androidx.emoji2:emoji2:1.3.0] AndroidManifest.xml:24:9-32:20
109            android:name="androidx.startup.InitializationProvider"
109-->[androidx.emoji2:emoji2:1.3.0] AndroidManifest.xml:25:13-67
110            android:authorities="com.mattlabs.websigndisplay.androidx-startup"
110-->[androidx.emoji2:emoji2:1.3.0] AndroidManifest.xml:26:13-68
111            android:exported="false" >
111-->[androidx.emoji2:emoji2:1.3.0] AndroidManifest.xml:27:13-37
112            <meta-data
112-->[androidx.emoji2:emoji2:1.3.0] AndroidManifest.xml:29:13-31:52
113                android:name="androidx.emoji2.text.EmojiCompatInitializer"
113-->[androidx.emoji2:emoji2:1.3.0] AndroidManifest.xml:30:17-75
114                android:value="androidx.startup" />
114-->[androidx.emoji2:emoji2:1.3.0] AndroidManifest.xml:31:17-49
115            <meta-data
115-->[androidx.lifecycle:lifecycle-process:2.6.2] AndroidManifest.xml:29:13-31:52
116                android:name="androidx.lifecycle.ProcessLifecycleInitializer"
116-->[androidx.lifecycle:lifecycle-process:2.6.2] AndroidManifest.xml:30:17-78
117                android:value="androidx.startup" />
117-->[androidx.lifecycle:lifecycle-process:2.6.2] AndroidManifest.xml:31:17-49
118            <meta-data
118-->[androidx.profileinstaller:profileinstaller:1.3.1] AndroidManifest.xml:29:13-31:52
119                android:name="androidx.profileinstaller.ProfileInstallerInitializer"
119-->[androidx.profileinstaller:profileinstaller:1.3.1] AndroidManifest.xml:30:17-85
120                android:value="androidx.startup" />
120-->[androidx.profileinstaller:profileinstaller:1.3.1] AndroidManifest.xml:31:17-49
121        </provider>
122
123        <uses-library
123-->[androidx.window:window:1.0.0] AndroidManifest.xml:25:9-27:40
124            android:name="androidx.window.extensions"
124-->[androidx.window:window:1.0.0] AndroidManifest.xml:26:13-54
125            android:required="false" />
125-->[androidx.window:window:1.0.0] AndroidManifest.xml:27:13-37
126        <uses-library
126-->[androidx.window:window:1.0.0] AndroidManifest.xml:28:9-30:40
127            android:name="androidx.window.sidecar"
127-->[androidx.window:window:1.0.0] AndroidManifest.xml:29:13-51
128            android:required="false" />
128-->[androidx.window:window:1.0.0] AndroidManifest.xml:30:13-37
129
130        <receiver
130-->[androidx.profileinstaller:profileinstaller:1.3.1] AndroidManifest.xml:34:9-52:20
131            android:name="androidx.profileinstaller.ProfileInstallReceiver"
131-->[androidx.profileinstaller:profileinstaller:1.3.1] AndroidManifest.xml:35:13-76
132            android:directBootAware="false"
132-->[androidx.profileinstaller:profileinstaller:1.3.1] AndroidManifest.xml:36:13-44
133            android:enabled="true"
133-->[androidx.profileinstaller:profileinstaller:1.3.1] AndroidManifest.xml:37:13-35
134            android:exported="true"
134-->[androidx.profileinstaller:profileinstaller:1.3.1] AndroidManifest.xml:38:13-36
135            android:permission="android.permission.DUMP" >
135-->[androidx.profileinstaller:profileinstaller:1.3.1] AndroidManifest.xml:39:13-57
136            <intent-filter>
136-->[androidx.profileinstaller:profileinstaller:1.3.1] AndroidManifest.xml:40:13-42:29
137                <action android:name="androidx.profileinstaller.action.INSTALL_PROFILE" />
137-->[androidx.profileinstaller:profileinstaller:1.3.1] AndroidManifest.xml:41:17-91
137-->[androidx.profileinstaller:profileinstaller:1.3.1] AndroidManifest.xml:41:25-88
138            </intent-filter>
139            <intent-filter>
139-->[androidx.profileinstaller:profileinstaller:1.3.1] AndroidManifest.xml:43:13-45:29
140                <action android:name="androidx.profileinstaller.action.SKIP_FILE" />
140-->[androidx.profileinstaller:profileinstaller:1.3.1] AndroidManifest.xml:44:17-85
140-->[androidx.profileinstaller:profileinstaller:1.3.1] AndroidManifest.xml:44:25-82
141            </intent-filter>
142            <intent-filter>
142-->[androidx.profileinstaller:profileinstaller:1.3.1] AndroidManifest.xml:46:13-48:29
143                <action android:name="androidx.profileinstaller.action.SAVE_PROFILE" />
143-->[androidx.profileinstaller:profileinstaller:1.3.1] AndroidManifest.xml:47:17-88
143-->[androidx.profileinstaller:profileinstaller:1.3.1] AndroidManifest.xml:47:25-85
144            </intent-filter>
145            <intent-filter>
145-->[androidx.profileinstaller:profileinstaller:1.3.1] AndroidManifest.xml:49:13-51:29
146                <action android:name="androidx.profileinstaller.action.BENCHMARK_OPERATION" />
146-->[androidx.profileinstaller:profileinstaller:1.3.1] AndroidManifest.xml:50:17-95
146-->[androidx.profileinstaller:profileinstaller:1.3.1] AndroidManifest.xml:50:25-92
147            </intent-filter>
148        </receiver>
149    </application>
150
151</manifest>